{
  "RSpec": {
    "coverage": {
      "/Users/eeshanagarwal/cs169/ArcticVoice/app/helpers/application_helper.rb": [
        1,
        null
      ],
      "/Users/eeshanagarwal/cs169/ArcticVoice/app/helpers/home_helper.rb": [
        1,
        null
      ],
      "/Users/eeshanagarwal/cs169/ArcticVoice/app/helpers/posts_helper.rb": [
        1,
        null
      ],
      "/Users/eeshanagarwal/cs169/ArcticVoice/app/helpers/users_helper.rb": [
        1,
        null
      ],
      "/Users/eeshanagarwal/cs169/ArcticVoice/app/controllers/home_controller.rb": [
        1,
        1,
        1,
        1,
        1,
        1,
        null,
        null,
        null,
        null,
        1,
        1,
        1,
        1,
        1,
        1,
        1,
        1,
        1,
        1,
        1,
        null,
        null,
        1,
        null,
        null,
        null,
        null
      ],
      "/Users/eeshanagarwal/cs169/ArcticVoice/app/controllers/application_controller.rb": [
        1,
        null,
        null,
        1,
        1,
        null
      ],
      "/Users/eeshanagarwal/cs169/ArcticVoice/spec/controllers/posts_controller_spec.rb": [
        1,
        1,
        null,
        null,
        null,
        1,
        1,
        18,
        null,
        null,
        1,
        1,
        2,
        null,
        null,
        1,
        1,
        1,
        null,
        null,
        1,
        1,
        1,
        null,
        null,
        null,
        1,
        null,
        1,
        1,
        null,
        null,
        1,
        2,
        null,
        null,
        1,
        1,
        1,
        null,
        null,
        null,
        1,
        null,
        1,
        1,
        null,
        null,
        null,
        1,
        1,
        1,
        1,
        null,
        1,
        1,
        1,
        null,
        null,
        null,
        1,
        1,
        4,
        4,
        null,
        1,
        1,
        2,
        null,
        null,
        null,
        1,
        1,
        1,
        null,
        null,
        1,
        1,
        1,
        null,
        null,
        null,
        1,
        1,
        2,
        null,
        null,
        1,
        1,
        1,
        null,
        null,
        1,
        1,
        1,
        null,
        null,
        null,
        null,
        1,
        null,
        1,
        1,
        1,
        1,
        null,
        null,
        null,
        1,
        1,
        3,
        null,
        null,
        1,
        3,
        3,
        3,
        3,
        null,
        null,
        2,
        2,
        2,
        null,
        null,
        1,
        1,
        1,
        null,
        null,
        1,
        1,
        1,
        1,
        1,
        null,
        null,
        2,
        null,
        null,
        null,
        1,
        1,
        2,
        2,
        null,
        null,
        1,
        1,
        1,
        1,
        1,
        1,
        null,
        null,
        1,
        1,
        1,
        1,
        null,
        null,
        null,
        1,
        1,
        1,
        1,
        1,
        1,
        1,
        1,
        null,
        1,
        1,
        1,
        1,
        1,
        1,
        1,
        null,
        null,
        null
      ],
      "/Users/eeshanagarwal/cs169/ArcticVoice/app/controllers/posts_controller.rb": [
        1,
        1,
        1,
        null,
        1,
        1,
        null,
        null,
        1,
        1,
        null,
        null,
        1,
        4,
        4,
        2,
        2,
        null,
        2,
        2,
        null,
        null,
        null,
        1,
        null,
        null,
        1,
        4,
        3,
        3,
        null,
        1,
        1,
        null,
        null,
        null,
        1,
        null,
        null,
        1,
        2,
        2,
        null,
        1,
        null,
        null,
        2,
        1,
        1,
        null,
        1,
        null,
        2,
        null,
        null,
        1,
        4,
        null,
        null,
        1,
        6,
        null,
        null,
        1,
        2,
        2,
        1,
        null,
        null,
        1,
        null,
        2,
        null,
        null
      ],
      "/Users/eeshanagarwal/cs169/ArcticVoice/spec/controllers/users_controller_spec.rb": [
        1,
        null,
        1,
        1,
        1,
        3,
        1,
        1,
        1,
        1,
        null,
        1,
        1,
        1,
        1,
        1,
        1,
        null,
        null
      ],
      "/Users/eeshanagarwal/cs169/ArcticVoice/app/controllers/users_controller.rb": [
        1,
        1,
        2,
        2,
        2,
        1,
        null,
        1,
        null,
        null,
        null
      ],
      "/Users/eeshanagarwal/cs169/ArcticVoice/spec/models/post_spec.rb": [
        1,
        null,
        1,
        1,
        null
      ],
      "/Users/eeshanagarwal/cs169/ArcticVoice/app/models/post.rb": [
        null,
        1,
        1,
        1,
        1,
        null
      ],
      "/Users/eeshanagarwal/cs169/ArcticVoice/spec/models/user_spec.rb": [
        1,
        null,
        1,
        1,
        null
      ],
      "/Users/eeshanagarwal/cs169/ArcticVoice/spec/views/home/index.html.erb_spec.rb": [
        1,
        null,
        1,
        1,
        null
      ],
      "/Users/eeshanagarwal/cs169/ArcticVoice/app/models/comment.rb": [
        1,
        null,
        1,
        null,
        1,
        null,
        3,
        null,
        null,
        null,
        null,
        null,
        null,
        1,
        null
      ]
    },
    "timestamp": 1480584937
  }
}
